{
    "entity": "event",
    "account_id": "acc_NzEnNYOQKdehlw",
    "event": "payment.failed",
    "contains": [
        "payment"
    ],
    "payload": {
        "payment": {
            "entity": {
                "id": "pay_PVV1iBjrEOjf3J",
                "entity": "payment",
                "amount": 409900,
                "currency": "INR",
                "status": "failed",
                "order_id": null,
                "invoice_id": null,
                "international": false,
                "method": "card",
                "amount_refunded": 0,
                "refund_status": null,
                "captured": false,
                "description": "Cart Payment",
                "card_id": "card_PVV1iHlAFgBpVG",
                "card": {
                    "id": "card_PVV1iHlAFgBpVG",
                    "entity": "card",
                    "name": null,
                    "last4": "5449",
                    "network": "MasterCard",
                    "type": "credit",
                    "issuer": "UTIB",
                    "international": false,
                    "emi": false,
                    "sub_type": "consumer",
                    "token_iin": null
                },
                "bank": null,
                "wallet": null,
                "vpa": null,
                "email": "zaid.nexgeno@gmail.com",
                "contact": "+918452891917",
                "notes": {
                    "combined_order_id": "298",
                    "user_id": "191",
                    "payment_type": "cart_payment"
                },
                "fee": null,
                "tax": null,
                "error_code": "BAD_REQUEST_ERROR",
                "error_description": "Payment failed",
                "error_source": "gateway",
                "error_step": "payment_authorization",
                "error_reason": "payment_failed",
                "acquirer_data": {
                    "auth_code": null
                },
                "created_at": 1733839375,
                "reward": null
            }
        }
    },
    "created_at": 1733839379
}